<?xml version="1.0" encoding="UTF-8"?>
<!-- Generated by org.testng.reporters.JUnitReportReporter -->
<testsuite hostname="Arpit-PC" name="com.acti.TestCases.TC01_LoginPage" tests="4" failures="0" timestamp="1 Jul 2019 20:44:37 GMT" time="60.075" errors="0">
  <testcase name="testActiTimeLogo" time="7.364" classname="com.acti.TestCases.TC01_LoginPage"/>
  <testcase name="testLoginPageTitle" time="23.529" classname="com.acti.TestCases.TC01_LoginPage"/>
  <testcase name="initBrowser" time="19.333" classname="com.acti.TestCases.TC01_LoginPage"/>
  <testcase name="TestLoginFunctionality" time="9.849" classname="com.acti.TestCases.TC01_LoginPage"/>
</testsuite> <!-- com.acti.TestCases.TC01_LoginPage -->
