<?xml version="1.0" encoding="UTF-8"?>
<!-- Generated by org.testng.reporters.JUnitReportReporter -->
<testsuite hostname="Arpit-PC" name="com.acti.TestCases.TC03_AddNewUser" tests="2" failures="0" timestamp="28 Jun 2019 18:45:16 GMT" time="24.804" errors="0">
  <testcase name="testValidatecreateNewUser" time="13.824" classname="com.acti.TestCases.TC03_AddNewUser"/>
  <testcase name="initBrowser" time="10.980" classname="com.acti.TestCases.TC03_AddNewUser"/>
</testsuite> <!-- com.acti.TestCases.TC03_AddNewUser -->
