<?xml version="1.0" encoding="UTF-8"?>
<!-- Generated by org.testng.reporters.JUnitReportReporter -->
<testsuite hostname="Arpit-PC" name="com.acti.Base.Driverscript1" tests="1" failures="0" timestamp="14 Jun 2019 23:30:58 GMT" time="63.766" errors="0">
  <testcase name="initBrowser" time="63.766" classname="com.acti.Base.Driverscript1"/>
</testsuite> <!-- com.acti.Base.Driverscript1 -->
