<?xml version="1.0" encoding="UTF-8"?>
<!-- Generated by org.testng.reporters.JUnitReportReporter -->
<testsuite hostname="Arpit-PC" name="com.acti.Base.DriverScript" tests="1" failures="0" timestamp="25 Jun 2019 14:10:48 GMT" time="25.050" errors="0">
  <testcase name="initBrowser" time="25.050" classname="com.acti.Base.DriverScript"/>
</testsuite> <!-- com.acti.Base.DriverScript -->
