<?xml version="1.0" encoding="UTF-8"?>
<!-- Generated by org.testng.reporters.JUnitReportReporter -->
<testsuite hostname="Arpit-PC" name="com.acti.TestCases.TC01_LoginPage" tests="4" failures="0" timestamp="1 Jul 2019 20:06:51 GMT" time="59.495" errors="0">
  <testcase name="TestLoginFunctionality" time="10.727" classname="com.acti.TestCases.TC01_LoginPage"/>
  <testcase name="testLoginPageTitle" time="15.768" classname="com.acti.TestCases.TC01_LoginPage"/>
  <testcase name="testActiTimeLogo" time="9.443" classname="com.acti.TestCases.TC01_LoginPage"/>
  <testcase name="initBrowser" time="23.557" classname="com.acti.TestCases.TC01_LoginPage"/>
</testsuite> <!-- com.acti.TestCases.TC01_LoginPage -->
