<?xml version="1.0" encoding="UTF-8"?>
<!-- Generated by org.testng.reporters.JUnitReportReporter -->
<testsuite hostname="Arpit-PC" name="com.acti.TestCases.PreTest" tests="1" failures="0" timestamp="1 Jul 2019 20:06:51 GMT" time="31.850" errors="0">
  <testcase name="initBrowser" time="31.850" classname="com.acti.TestCases.PreTest"/>
</testsuite> <!-- com.acti.TestCases.PreTest -->
